<?xml version="1.0" encoding="UTF-8"?>
<!-- Generated by org.testng.reporters.JUnitReportReporter -->
<testsuite hostname="DESKTOP-BL2895T" failures="0" tests="1" name="com.amazon.qa.testcases.HomePageTest" time="88.993" errors="0" timestamp="2021-05-02T23:05:31 IST" skipped="0">
  <testcase classname="com.amazon.qa.testcases.HomePageTest" name="ValidateYourAccountOrderTest" time="88.993"/>
  <system-out/>
</testsuite> <!-- com.amazon.qa.testcases.HomePageTest -->
