<?xml version="1.0" encoding="UTF-8"?>
<!-- Generated by org.testng.reporters.JUnitReportReporter -->
<testsuite hostname="DESKTOP-BL2895T" failures="0" tests="1" name="com.amazon.qa.testcases.OnePlus9ProPageTest" time="72.086" errors="0" timestamp="2021-05-03T01:33:40 IST" skipped="0">
  <testcase classname="com.amazon.qa.testcases.OnePlus9ProPageTest" name="validateSortByDropDown" time="72.086"/>
  <system-out/>
</testsuite> <!-- com.amazon.qa.testcases.OnePlus9ProPageTest -->
