<?xml version="1.0" encoding="UTF-8"?>
<!-- Generated by org.testng.reporters.JUnitReportReporter -->
<testsuite hostname="DESKTOP-BL2895T" failures="0" tests="4" name="com.amazon.qa.testcases.SignInPageTest" time="129.657" errors="0" timestamp="2021-05-03T23:52:57 IST" skipped="0">
  <testcase classname="com.amazon.qa.testcases.SignInPageTest" name="ValidateSignInPageTitle" time="23.255"/>
  <system-out/>
  <testcase classname="com.amazon.qa.testcases.SignInPageTest" name="signInPageLogoTest" time="32.131"/>
  <system-out/>
  <testcase classname="com.amazon.qa.testcases.SignInPageTest" name="signInPageContinueTest" time="34.937"/>
  <system-out/>
  <testcase classname="com.amazon.qa.testcases.SignInPageTest" name="validateCreateYourAmazonAccount" time="39.334"/>
  <system-out/>
</testsuite> <!-- com.amazon.qa.testcases.SignInPageTest -->
