<?xml version="1.0" encoding="UTF-8"?>
<!-- Generated by org.testng.reporters.JUnitReportReporter -->
<testsuite skipped="0" hostname="DESKTOP-BL2895T" name="com.amazon.qa.testcases.SignInPageTest" tests="4" failures="0" timestamp="2021-05-04T02:39:03 IST" time="26.083" errors="0">
  <testcase name="ValidateSignInPageTitle" time="5.338" classname="com.amazon.qa.testcases.SignInPageTest"/>
  <system-out/>
  <testcase name="signInPageLogoTest" time="4.741" classname="com.amazon.qa.testcases.SignInPageTest"/>
  <system-out/>
  <testcase name="signInPageContinueTest" time="8.827" classname="com.amazon.qa.testcases.SignInPageTest"/>
  <system-out/>
  <testcase name="validateCreateYourAmazonAccount" time="7.177" classname="com.amazon.qa.testcases.SignInPageTest"/>
  <system-out/>
</testsuite> <!-- com.amazon.qa.testcases.SignInPageTest -->
