<?xml version="1.0" encoding="UTF-8"?>
<!-- Generated by org.testng.reporters.JUnitReportReporter -->
<testsuite skipped="0" hostname="DESKTOP-BL2895T" name="com.amazon.qa.testcases.SignIn2PageTest" tests="2" failures="0" timestamp="2021-05-04T02:39:03 IST" time="16.784" errors="0">
  <testcase name="ValidateSignIn2PageTitle" time="7.247" classname="com.amazon.qa.testcases.SignIn2PageTest"/>
  <system-out/>
  <testcase name="signIn2PageContinueTest" time="9.537" classname="com.amazon.qa.testcases.SignIn2PageTest"/>
  <system-out/>
</testsuite> <!-- com.amazon.qa.testcases.SignIn2PageTest -->
